<?xml version="1.0" encoding="UTF-8"?>
<testng-results skipped="0" failed="0" ignored="0" total="1" passed="1">
  <reporter-output>
  </reporter-output>
  <suite name="Default suite" duration-ms="4571" started-at="2020-05-25T17:44:37Z" finished-at="2020-05-25T17:44:42Z">
    <groups>
    </groups>
    <test name="Default test" duration-ms="4571" started-at="2020-05-25T17:44:37Z" finished-at="2020-05-25T17:44:42Z">
      <class name="restAPI.postman.srcCodeLibrary.LibraryBook_StaticJson">
        <test-method status="PASS" signature="AddBook()[pri:0, instance:restAPI.postman.srcCodeLibrary.LibraryBook_StaticJson@6193932a]" name="AddBook" duration-ms="4532" started-at="2020-05-25T17:44:37Z" finished-at="2020-05-25T17:44:42Z">
          <reporter-output>
          </reporter-output>
        </test-method> <!-- AddBook -->
      </class> <!-- restAPI.postman.srcCodeLibrary.LibraryBook_StaticJson -->
    </test> <!-- Default test -->
  </suite> <!-- Default suite -->
</testng-results>
